<?xml version="1.0" encoding="UTF-8"?>
<!-- Generated by org.testng.reporters.JUnitReportReporter -->
<testsuite hostname="DESKTOP-72M7BDB" failures="0" tests="1" name="screenshot.ScreenShotTest" time="7.830" errors="0" timestamp="2021-04-03T18:38:50 IST" skipped="0">
  <testcase classname="screenshot.ScreenShotTest" name="testcase1" time="7.830"/>
  <system-out/>
</testsuite> <!-- screenshot.ScreenShotTest -->
